<?xml version="1.0" encoding="UTF-8"?>
<!-- Generated by org.testng.reporters.JUnitReportReporter -->
<testsuite name="Testcases.Loginapplication" tests="1" time="30.768" ignored="0" failures="0" timestamp="02 Feb 2017 21:04:20 GMT" skipped="0" hostname="tims-mac-mini.corp.shastaqa.com" errors="0">
  <testcase name="Login" time="30.768" classname="Testcases.Loginapplication"/>
</testsuite> <!-- Testcases.Loginapplication -->
